1707141017,65,CHO EM MỘT LẦN YÊU - Hoàng Duyên | MELO-ĐI Show (Tập 2),/home/do/Musique/MV Nhạc mới/CHO EM MỘT LẦN YÊU - Hoàng Duyên ｜ MELO-ĐI Show (Tập 2).mp4,184
1707141096,65,CHO EM MỘT LẦN YÊU - Hoàng Duyên | MELO-ĐI Show (Tập 2),/home/do/Musique/MV Nhạc mới/CHO EM MỘT LẦN YÊU - Hoàng Duyên ｜ MELO-ĐI Show (Tập 2).mp4,184
1707141304,57,CHUYỆN NHÀ BÉ THÔI, CON ĐỪNG VỀ | KAIDINH & MIN,/home/do/Musique/MV Nhạc mới/CHUYỆN NHÀ BÉ THÔI, CON ĐỪNG VỀ ｜ KAIDINH & MIN.mp4,168
1707141475,57,CHUYỆN NHÀ BÉ THÔI, CON ĐỪNG VỀ | KAIDINH & MIN,/home/do/Musique/MV Nhạc mới/CHUYỆN NHÀ BÉ THÔI, CON ĐỪNG VỀ ｜ KAIDINH & MIN.mp4,168
1707141528,57,CHUYỆN NHÀ BÉ THÔI, CON ĐỪNG VỀ | KAIDINH & MIN,/home/do/Musique/MV Nhạc mới/CHUYỆN NHÀ BÉ THÔI, CON ĐỪNG VỀ ｜ KAIDINH & MIN.mp4,168
1707141761,57,CHUYỆN NHÀ BÉ THÔI, CON ĐỪNG VỀ | KAIDINH & MIN,/home/do/Musique/MV Nhạc mới/CHUYỆN NHÀ BÉ THÔI, CON ĐỪNG VỀ ｜ KAIDINH & MIN.mp4,168
1707141931,62,MÌNH CƯỚI NHAU ĐI - Pjnboys x Huỳnh James (Official MV),/home/do/Musique/MV Nhạc mới/MÌNH CƯỚI NHAU ĐI - Pjnboys x Huỳnh James (Official MV).mp4,176
1707141959,62,MÌNH CƯỚI NHAU ĐI - Pjnboys x Huỳnh James (Official MV),/home/do/Musique/MV Nhạc mới/MÌNH CƯỚI NHAU ĐI - Pjnboys x Huỳnh James (Official MV).mp4,176
1707142063,62,MÌNH CƯỚI NHAU ĐI - Pjnboys x Huỳnh James (Official MV),/home/do/Musique/MV Nhạc mới/MÌNH CƯỚI NHAU ĐI - Pjnboys x Huỳnh James (Official MV).mp4,176
1707142098,62,MÌNH CƯỚI NHAU ĐI - Pjnboys x Huỳnh James (Official MV),/home/do/Musique/MV Nhạc mới/MÌNH CƯỚI NHAU ĐI - Pjnboys x Huỳnh James (Official MV).mp4,176
1707142157,62,MÌNH CƯỚI NHAU ĐI - Pjnboys x Huỳnh James (Official MV),/home/do/Musique/MV Nhạc mới/MÌNH CƯỚI NHAU ĐI - Pjnboys x Huỳnh James (Official MV).mp4,176
1707142220,62,MÌNH CƯỚI NHAU ĐI - Pjnboys x Huỳnh James (Official MV),/home/do/Musique/MV Nhạc mới/MÌNH CƯỚI NHAU ĐI - Pjnboys x Huỳnh James (Official MV).mp4,176
1707142294,89,❤️ Nàng Thơ Xứ Huế | Thùy Chi | Theme Song From "Nàng thơ xứ Huế" Series,/home/do/Musique/MV Nhạc mới/Nàng Thơ Xứ Huế ｜ Thùy Chi.mp4,176
1707142313,89,❤️ Nàng Thơ Xứ Huế | Thùy Chi | Theme Song From "Nàng thơ xứ Huế" Series,/home/do/Musique/MV Nhạc mới/Nàng Thơ Xứ Huế ｜ Thùy Chi.mp4,176
1707142439,89,❤️ Nàng Thơ Xứ Huế | Thùy Chi | Theme Song From "Nàng thơ xứ Huế" Series,/home/do/Musique/MV Nhạc mới/Nàng Thơ Xứ Huế ｜ Thùy Chi.mp4,176
1707142466,67,BA GIỮ SỨC KHỎE NHA - Hoàng Duyên | MELO-ĐI Show (Tập 3),/home/do/Musique/MV Nhạc mới/BA GIỮ SỨC KHỎE NHA - Hoàng Duyên ｜ MELO-ĐI Show (Tập 3).mp4,188
1707142694,46,Tết Xa | Official Lyrics Video | Bảo Uyên,/home/do/Musique/MV Nhạc mới/Tết Xa ｜  Bảo Uyên.mp4,123
1707142834,,,/home/do/Vidéos/IMG_0906.MOV,42
1707142943,,,/home/do/Vidéos/IMG_0906.MOV,42
1707142975,46,Tết Xa | Official Lyrics Video | Bảo Uyên,/home/do/Musique/MV Nhạc mới/Tết Xa ｜  Bảo Uyên.mp4,123
1707143148,,,/home/do/Musique/Library Sounds.webm,49
1707143158,16,Buc Hoa Dong Que,/home/do/Musique/Asia CD 375 - Various Artists - Khuc Nhac Tinh Que/01. Buc Hoa Dong Que - Ha Thanh Xuan, Ngoc Anh Vi, Cat Lynh.mp3,164
1707143165,24,Top Ca Nam - Tu Mien Bac,/home/do/Musique/V.A - TNCD 425 - Ha Noi/01. Top Ca Nam - Tu Mien Bac.mp3,112
1707143189,28,Khanh Ha - Giac Mo Hoi Huong,/home/do/Musique/V.A - TNCD 425 - Ha Noi/02. Khanh Ha - Giac Mo Hoi Huong.mp3,120
1707143321,28,Bang Kieu - Em Oi Ha Noi Pho,/home/do/Musique/V.A - TNCD 425 - Ha Noi/03. Bang Kieu - Em Oi Ha Noi Pho.mp3,120
1707143403,,,/home/do/Vidéos/IMG_0906.MOV,42
1707143616,,,/home/do/Musique/Library Sounds.webm,49
1707150816,16,Buc Hoa Dong Que,/home/do/Musique/Asia CD 375 - Various Artists - Khuc Nhac Tinh Que/01. Buc Hoa Dong Que - Ha Thanh Xuan, Ngoc Anh Vi, Cat Lynh.mp3,164
1707151120,17,LK Dan Ca Ba Mien,/home/do/Musique/Asia CD 375 - Various Artists - Khuc Nhac Tinh Que/02. LK Dan Ca Ba Mien - Vuong Dzung, Truc Mi, Nhat Lam.mp3,158
1707151701,16,Nho Ben Da Giang,/home/do/Musique/Asia CD 375 - Various Artists - Khuc Nhac Tinh Que/03. Nho Ben Da Giang - Hoang Anh Thu.mp3,139
1707151835,,,/home/do/Musique/V.A - TNCD 425 - Ha Noi/TNCD425-1.jpg,67
1707151836,,,/home/do/Musique/V.A - TNCD 425 - Ha Noi/TNCD425-2.jpg,67
1707151837,,,/home/do/Musique/V.A - TNCD 425 - Ha Noi/TNCD425-3.jpg,67
1707151838,,,/home/do/Musique/V.A - TNCD 425 - Ha Noi/TNCD425-4.jpg,67
1707151839,,,/home/do/Musique/V.A - TNCD 425 - Ha Noi/TNCD425-5.jpg,67
1707151840,,,/home/do/Musique/V.A - TNCD 425 - Ha Noi/TNCD425-6.jpg,67
1707151841,,,/home/do/Musique/V.A - TNCD 425 - Ha Noi/TNCD425-7.jpg,67
1707151842,,,/home/do/Musique/V.A - TNCD 425 - Ha Noi/TNCD425-8.jpg,67
1707151843,,,/home/do/Musique/V.A - TNCD 425 - Ha Noi/TNCD425-9.jpg,67
1707151844,,,/home/do/Musique/V.A - TNCD 425 - Ha Noi/TNCD425-10.jpg,68
1707151862,,,/home/do/Musique/Library Sounds.webm,49
1707207767,,,/home/do/Musique/Library Sounds.webm,49
1707292965,14,Thuo Ay Co Em ,/home/do/Musique/TNCD578 - Various Artists - Con Chut Gi De Nho (320Kbps)/09. Thuo Ay Co Em - Che Linh.mp3,135
1707293255,,,/home/do/Musique/TNCD578 - Various Artists - Con Chut Gi De Nho (320Kbps)/TNCD578-Back.jpg,103
1707293257,,,/home/do/Musique/TNCD578 - Various Artists - Con Chut Gi De Nho (320Kbps)/TNCD578-Front.jpg,104
1707293258,,,/home/do/Musique/TNCD578 - Various Artists - Con Chut Gi De Nho (320Kbps)/TNCD578CD.jpg,100
1707293282,15,Toi Muon Ve Que,/home/do/Musique/TNCD578 - Various Artists - Con Chut Gi De Nho (320Kbps)/06. Toi Muon Ve Que - Nguyen Hong Nhung.mp3,147
1707293579,16,Mot Thoi De Nho ,/home/do/Musique/TNCD578 - Various Artists - Con Chut Gi De Nho (320Kbps)/07. Mot Thoi De Nho - Thai Chau.mp3,140
1707293822,9,Hoi Tiec ,/home/do/Musique/TNCD578 - Various Artists - Con Chut Gi De Nho (320Kbps)/08. Hoi Tiec - Ngoc Anh.mp3,124
1707294100,14,Thuo Ay Co Em ,/home/do/Musique/TNCD578 - Various Artists - Con Chut Gi De Nho (320Kbps)/09. Thuo Ay Co Em - Che Linh.mp3,135
1707294391,,,/home/do/Musique/TNCD578 - Various Artists - Con Chut Gi De Nho (320Kbps)/TNCD578-Back.jpg,103
1707294392,,,/home/do/Musique/TNCD578 - Various Artists - Con Chut Gi De Nho (320Kbps)/TNCD578-Front.jpg,104
1707294393,,,/home/do/Musique/TNCD578 - Various Artists - Con Chut Gi De Nho (320Kbps)/TNCD578CD.jpg,100
1707295218,,,/home/do/Musique/Library Sounds.webm,49
1707295233,,,/home/do/Musique/Library Sounds.webm,49
1707295233,16,library ambience,https://soundcloud.com/user-538256880-946417747/library-ambience,95
1707295233,16,library ambience,https://soundcloud.com/user-538256880-946417747/library-ambience,95
1707296799,,,/home/do/Musique/Library Sounds.webm,49
1707296804,28,Khanh Ha - Giac Mo Hoi Huong,/home/do/Musique/V.A - TNCD 425 - Ha Noi/02. Khanh Ha - Giac Mo Hoi Huong.mp3,120
1707296812,28,Bang Kieu - Em Oi Ha Noi Pho,/home/do/Musique/V.A - TNCD 425 - Ha Noi/03. Bang Kieu - Em Oi Ha Noi Pho.mp3,120
1707296822,7,Track 2,/home/do/Musique/Trinh Cong Son - Tinh nho/Track 02.flac,77
1707296837,28,Khanh Ha - Giac Mo Hoi Huong,/home/do/Musique/V.A - TNCD 425 - Ha Noi/02. Khanh Ha - Giac Mo Hoi Huong.mp3,120
1707296896,19,Nhung ngay dep troi,/home/do/Musique/Nhạc tuyển/Bang Kieu-Nhung ngay dep troi.flac,100
1707296912,17,Tren dinh Phu Van,/home/do/Musique/Nhạc tuyển/Tren dinh Phu Van - Ngoc Ha.mp3,95
1707297244,,,/home/do/Musique/Library Sounds.webm,49
1707297753,,,/home/do/Musique/Library Sounds.webm,49
1707597831,18,Con Chut Gi De Nho,/home/do/Musique/TNCD578 - Various Artists - Con Chut Gi De Nho (320Kbps)/01. Con Chut Gi De Nho - Vu Khanh.mp3,144
1707597847,37,Nhung Mua Thu Qua Tren Cuoc Tinh Toi ,/home/do/Musique/TNCD578 - Various Artists - Con Chut Gi De Nho (320Kbps)/02. Nhung Mua Thu Qua Tren Cuoc Tinh Toi - Lam Anh & Dinh Bao.mp3,191
1707598202,9,Tinh Nho ,/home/do/Musique/TNCD578 - Various Artists - Con Chut Gi De Nho (320Kbps)/03. Tinh Nho - Hoang Nhung.mp3,127
1707598511,7,Me Toi ,/home/do/Musique/TNCD578 - Various Artists - Con Chut Gi De Nho (320Kbps)/04. Me Toi - Tran Thu Ha & Bang Kieu.mp3,135
1707598914,13,Vo Chong Que ,/home/do/Musique/TNCD578 - Various Artists - Con Chut Gi De Nho (320Kbps)/05. Vo Chong Que - Ngoc Ha & Thien Ton.mp3,144
1707599255,15,Toi Muon Ve Que,/home/do/Musique/TNCD578 - Various Artists - Con Chut Gi De Nho (320Kbps)/06. Toi Muon Ve Que - Nguyen Hong Nhung.mp3,147
1707599552,16,Mot Thoi De Nho ,/home/do/Musique/TNCD578 - Various Artists - Con Chut Gi De Nho (320Kbps)/07. Mot Thoi De Nho - Thai Chau.mp3,140
1707599794,9,Hoi Tiec ,/home/do/Musique/TNCD578 - Various Artists - Con Chut Gi De Nho (320Kbps)/08. Hoi Tiec - Ngoc Anh.mp3,124
1707599975,14,Thuo Ay Co Em ,/home/do/Musique/TNCD578 - Various Artists - Con Chut Gi De Nho (320Kbps)/09. Thuo Ay Co Em - Che Linh.mp3,135
1707600266,,,/home/do/Musique/TNCD578 - Various Artists - Con Chut Gi De Nho (320Kbps)/TNCD578-Back.jpg,103
1707600267,,,/home/do/Musique/TNCD578 - Various Artists - Con Chut Gi De Nho (320Kbps)/TNCD578-Front.jpg,104
1707600268,,,/home/do/Musique/TNCD578 - Various Artists - Con Chut Gi De Nho (320Kbps)/TNCD578CD.jpg,100
1707827632,19,Nhung ngay dep troi,/home/do/Musique/Nhạc tuyển/Bang Kieu-Nhung ngay dep troi.flac,100
1707902588,,,/home/do/Musique/MV Nhạc mới/ƯỚC MƠ CỦA MẸ - VĂN MAI HƯƠNG (Lyrics Video) OST THƯƠNG NGÀY NẮNG VỀ.mp4,136
1707902829,46,Tết Xa | Official Lyrics Video | Bảo Uyên,/home/do/Musique/MV Nhạc mới/Tết Xa ｜  Bảo Uyên.mp4,123
1707902835,65,CHO EM MỘT LẦN YÊU - Hoàng Duyên | MELO-ĐI Show (Tập 2),/home/do/Musique/MV Nhạc mới/CHO EM MỘT LẦN YÊU - Hoàng Duyên ｜ MELO-ĐI Show (Tập 2).mp4,184
1707903009,57,CHUYỆN NHÀ BÉ THÔI, CON ĐỪNG VỀ | KAIDINH & MIN,/home/do/Musique/MV Nhạc mới/CHUYỆN NHÀ BÉ THÔI, CON ĐỪNG VỀ ｜ KAIDINH & MIN.mp4,168
1707903286,62,MÌNH CƯỚI NHAU ĐI - Pjnboys x Huỳnh James (Official MV),/home/do/Musique/MV Nhạc mới/MÌNH CƯỚI NHAU ĐI - Pjnboys x Huỳnh James (Official MV).mp4,176
1707986837,,,/home/do/Musique/MV Nhạc mới/ƯỚC MƠ CỦA MẸ - VĂN MAI HƯƠNG (Lyrics Video) OST THƯƠNG NGÀY NẮNG VỀ.mp4,136
1707987148,89,❤️ Nàng Thơ Xứ Huế | Thùy Chi | Theme Song From "Nàng thơ xứ Huế" Series,/home/do/Musique/MV Nhạc mới/Nàng Thơ Xứ Huế ｜ Thùy Chi.mp4,176
1707987430,46,Tết Xa | Official Lyrics Video | Bảo Uyên,/home/do/Musique/MV Nhạc mới/Tết Xa ｜  Bảo Uyên.mp4,123
1707987509,,,/home/do/Vidéos/IMG_0906.MOV,42
1707987660,,,/home/do/Vidéos/IMG_0906.MOV,42
1707987694,,,/home/do/Vidéos/IMG_0906.MOV,42
1707987735,,,/home/do/Vidéos/IMG_0906.MOV,42
1707987761,,,/home/do/Vidéos/IMG_0906.MOV,42
1707987859,,,/home/do/Vidéos/IMG_0906.MOV,42
1707987899,,,/home/do/Vidéos/IMG_0906.MOV,42
1707988135,65,CHO EM MỘT LẦN YÊU - Hoàng Duyên | MELO-ĐI Show (Tập 2),/home/do/Musique/MV Nhạc mới/CHO EM MỘT LẦN YÊU - Hoàng Duyên ｜ MELO-ĐI Show (Tập 2).mp4,184
1707988259,,,/home/do/Vidéos/IMG_0906.MOV,42
1707988273,,,/home/do/Vidéos/IMG_0906.MOV,42
1707988333,,,/home/do/Vidéos/IMG_0906.MOV,42
1707988439,,,/home/do/Vidéos/IMG_0906.MOV,42
1707988512,,,/home/do/Vidéos/IMG_0906.MOV,42
1707988570,,,/home/do/Vidéos/IMG_0906.MOV,42
1707988642,,,/home/do/Vidéos/IMG_0906.MOV,42
1707988941,,,/home/do/Vidéos/IMG_0906.MOV,42
1707988955,,,/home/do/Vidéos/IMG_0906.MOV,42
1707988975,,,/home/do/Vidéos/IMG_0906.MOV,42
1707989026,,,/home/do/Vidéos/IMG_0906.MOV,42
1707989074,,,/home/do/Vidéos/IMG_0906.MOV,42
1707989140,,,/home/do/Vidéos/IMG_0906.MOV,42
1707989407,,,/home/do/Vidéos/IMG_0906.MOV,42
1707989538,67,BA GIỮ SỨC KHỎE NHA - Hoàng Duyên | MELO-ĐI Show (Tập 3),/home/do/Musique/MV Nhạc mới/BA GIỮ SỨC KHỎE NHA - Hoàng Duyên ｜ MELO-ĐI Show (Tập 3).mp4,188
1707989680,67,BA GIỮ SỨC KHỎE NHA - Hoàng Duyên | MELO-ĐI Show (Tập 3),/home/do/Musique/MV Nhạc mới/BA GIỮ SỨC KHỎE NHA - Hoàng Duyên ｜ MELO-ĐI Show (Tập 3).mp4,188
1707989805,67,BA GIỮ SỨC KHỎE NHA - Hoàng Duyên | MELO-ĐI Show (Tập 3),/home/do/Musique/MV Nhạc mới/BA GIỮ SỨC KHỎE NHA - Hoàng Duyên ｜ MELO-ĐI Show (Tập 3).mp4,188
1707989979,67,BA GIỮ SỨC KHỎE NHA - Hoàng Duyên | MELO-ĐI Show (Tập 3),/home/do/Musique/MV Nhạc mới/BA GIỮ SỨC KHỎE NHA - Hoàng Duyên ｜ MELO-ĐI Show (Tập 3).mp4,188
1707989993,67,BA GIỮ SỨC KHỎE NHA - Hoàng Duyên | MELO-ĐI Show (Tập 3),/home/do/Musique/MV Nhạc mới/BA GIỮ SỨC KHỎE NHA - Hoàng Duyên ｜ MELO-ĐI Show (Tập 3).mp4,188
1707990024,15,Toi Muon Ve Que,/home/do/Musique/TNCD578 - Various Artists - Con Chut Gi De Nho (320Kbps)/06. Toi Muon Ve Que - Nguyen Hong Nhung.mp3,147
1707990206,15,Toi Muon Ve Que,/home/do/Musique/TNCD578 - Various Artists - Con Chut Gi De Nho (320Kbps)/06. Toi Muon Ve Que - Nguyen Hong Nhung.mp3,147
1707990546,15,Toi Muon Ve Que,/home/do/Musique/TNCD578 - Various Artists - Con Chut Gi De Nho (320Kbps)/06. Toi Muon Ve Que - Nguyen Hong Nhung.mp3,147
1707990849,16,Mot Thoi De Nho ,/home/do/Musique/TNCD578 - Various Artists - Con Chut Gi De Nho (320Kbps)/07. Mot Thoi De Nho - Thai Chau.mp3,140
1707990999,9,Hoi Tiec ,/home/do/Musique/TNCD578 - Various Artists - Con Chut Gi De Nho (320Kbps)/08. Hoi Tiec - Ngoc Anh.mp3,124
1707991540,37,Nhung Mua Thu Qua Tren Cuoc Tinh Toi ,/home/do/Musique/TNCD578 - Various Artists - Con Chut Gi De Nho (320Kbps)/02. Nhung Mua Thu Qua Tren Cuoc Tinh Toi - Lam Anh & Dinh Bao.mp3,191
1707991625,18,Con Chut Gi De Nho,/home/do/Musique/TNCD578 - Various Artists - Con Chut Gi De Nho (320Kbps)/01. Con Chut Gi De Nho - Vu Khanh.mp3,144
1707991627,37,Nhung Mua Thu Qua Tren Cuoc Tinh Toi ,/home/do/Musique/TNCD578 - Various Artists - Con Chut Gi De Nho (320Kbps)/02. Nhung Mua Thu Qua Tren Cuoc Tinh Toi - Lam Anh & Dinh Bao.mp3,191
1707991647,37,Nhung Mua Thu Qua Tren Cuoc Tinh Toi ,/home/do/Musique/TNCD578 - Various Artists - Con Chut Gi De Nho (320Kbps)/02. Nhung Mua Thu Qua Tren Cuoc Tinh Toi - Lam Anh & Dinh Bao.mp3,191
1707991650,37,Nhung Mua Thu Qua Tren Cuoc Tinh Toi ,/home/do/Musique/TNCD578 - Various Artists - Con Chut Gi De Nho (320Kbps)/02. Nhung Mua Thu Qua Tren Cuoc Tinh Toi - Lam Anh & Dinh Bao.mp3,191
1707992006,9,Tinh Nho ,/home/do/Musique/TNCD578 - Various Artists - Con Chut Gi De Nho (320Kbps)/03. Tinh Nho - Hoang Nhung.mp3,127
1707992250,37,Nhung Mua Thu Qua Tren Cuoc Tinh Toi ,/home/do/Musique/TNCD578 - Various Artists - Con Chut Gi De Nho (320Kbps)/02. Nhung Mua Thu Qua Tren Cuoc Tinh Toi - Lam Anh & Dinh Bao.mp3,191
1707992282,67,BA GIỮ SỨC KHỎE NHA - Hoàng Duyên | MELO-ĐI Show (Tập 3),/home/do/Musique/MV Nhạc mới/BA GIỮ SỨC KHỎE NHA - Hoàng Duyên ｜ MELO-ĐI Show (Tập 3).mp4,188
1707992521,,,/home/do/Musique/MV Nhạc mới/Bánh Mì Không - ĐạtG x DuUyên ｜ OFFICIAL MV.mp4,102
1707992550,,,/home/do/Musique/MV Nhạc mới/Bánh Mì Không - ĐạtG x DuUyên ｜ OFFICIAL MV.mp4,102
1707992554,,,/home/do/Musique/MV Nhạc mới/Bánh Mì Không - ĐạtG x DuUyên ｜ OFFICIAL MV.mp4,102
1707992615,,,/home/do/Musique/MV Nhạc mới/Bánh Mì Không - ĐạtG x DuUyên ｜ OFFICIAL MV.mp4,102
1707992711,,,/home/do/Musique/MV Nhạc mới/Bánh Mì Không - ĐạtG x DuUyên ｜ OFFICIAL MV.mp4,102
1707992725,67,BA GIỮ SỨC KHỎE NHA - Hoàng Duyên | MELO-ĐI Show (Tập 3),/home/do/Musique/MV Nhạc mới/BA GIỮ SỨC KHỎE NHA - Hoàng Duyên ｜ MELO-ĐI Show (Tập 3).mp4,188
1707992726,,,/home/do/Musique/MV Nhạc mới/Bánh Mì Không - ĐạtG x DuUyên ｜ OFFICIAL MV.mp4,102
1707992798,,,/home/do/Musique/MV Nhạc mới/Bánh Mì Không - ĐạtG x DuUyên ｜ OFFICIAL MV.mp4,102
1707992904,65,CHO EM MỘT LẦN YÊU - Hoàng Duyên | MELO-ĐI Show (Tập 2),/home/do/Musique/MV Nhạc mới/CHO EM MỘT LẦN YÊU - Hoàng Duyên ｜ MELO-ĐI Show (Tập 2).mp4,184
1707992906,57,CHUYỆN NHÀ BÉ THÔI, CON ĐỪNG VỀ | KAIDINH & MIN,/home/do/Musique/MV Nhạc mới/CHUYỆN NHÀ BÉ THÔI, CON ĐỪNG VỀ ｜ KAIDINH & MIN.mp4,168
1707992986,,,/home/do/Musique/MV Nhạc mới/Bánh Mì Không - ĐạtG x DuUyên ｜ OFFICIAL MV.mp4,102
1707993006,,,/home/do/Musique/MV Nhạc mới/Bánh Mì Không - ĐạtG x DuUyên ｜ OFFICIAL MV.mp4,102
1707993018,57,CHUYỆN NHÀ BÉ THÔI, CON ĐỪNG VỀ | KAIDINH & MIN,/home/do/Musique/MV Nhạc mới/CHUYỆN NHÀ BÉ THÔI, CON ĐỪNG VỀ ｜ KAIDINH & MIN.mp4,168
1707993066,57,CHUYỆN NHÀ BÉ THÔI, CON ĐỪNG VỀ | KAIDINH & MIN,/home/do/Musique/MV Nhạc mới/CHUYỆN NHÀ BÉ THÔI, CON ĐỪNG VỀ ｜ KAIDINH & MIN.mp4,168
1707993092,57,CHUYỆN NHÀ BÉ THÔI, CON ĐỪNG VỀ | KAIDINH & MIN,/home/do/Musique/MV Nhạc mới/CHUYỆN NHÀ BÉ THÔI, CON ĐỪNG VỀ ｜ KAIDINH & MIN.mp4,168
1707993130,57,CHUYỆN NHÀ BÉ THÔI, CON ĐỪNG VỀ | KAIDINH & MIN,/home/do/Musique/MV Nhạc mới/CHUYỆN NHÀ BÉ THÔI, CON ĐỪNG VỀ ｜ KAIDINH & MIN.mp4,168
1707993284,57,CHUYỆN NHÀ BÉ THÔI, CON ĐỪNG VỀ | KAIDINH & MIN,/home/do/Musique/MV Nhạc mới/CHUYỆN NHÀ BÉ THÔI, CON ĐỪNG VỀ ｜ KAIDINH & MIN.mp4,168
1707993304,57,CHUYỆN NHÀ BÉ THÔI, CON ĐỪNG VỀ | KAIDINH & MIN,/home/do/Musique/MV Nhạc mới/CHUYỆN NHÀ BÉ THÔI, CON ĐỪNG VỀ ｜ KAIDINH & MIN.mp4,168
1707993424,37,Đen x JustaTee - Đi Về Nhà (M/V),/home/do/Musique/MV Nhạc mới/Đen x JustaTee - Đi Về Nhà (M⧸V).mp4,128
1707993445,37,Đen x JustaTee - Đi Về Nhà (M/V),/home/do/Musique/MV Nhạc mới/Đen x JustaTee - Đi Về Nhà (M⧸V).mp4,128
1707993657,80,ĐI ĐỂ TRỞ VỀ | SOOBIN HOÀNG SƠN x BITI'S HUNTER | OFFICIAL MUSIC VIDEO,/home/do/Musique/MV Nhạc mới/ĐI ĐỂ TRỞ VỀ ｜ SOOBIN HOÀNG SƠN x BITI'S HUNTER ｜ OFFICIAL MUSIC VIDEO.mp4,216
1707993665,37,Đen x JustaTee - Đi Về Nhà (M/V),/home/do/Musique/MV Nhạc mới/Đen x JustaTee - Đi Về Nhà (M⧸V).mp4,128
1707993669,80,ĐI ĐỂ TRỞ VỀ | SOOBIN HOÀNG SƠN x BITI'S HUNTER | OFFICIAL MUSIC VIDEO,/home/do/Musique/MV Nhạc mới/ĐI ĐỂ TRỞ VỀ ｜ SOOBIN HOÀNG SƠN x BITI'S HUNTER ｜ OFFICIAL MUSIC VIDEO.mp4,216
1707993673,,,/home/do/Musique/MV Nhạc mới/ƯỚC MƠ CỦA MẸ - VĂN MAI HƯƠNG (Lyrics Video) OST THƯƠNG NGÀY NẮNG VỀ.mp4,136
1707993675,80,ĐI ĐỂ TRỞ VỀ | SOOBIN HOÀNG SƠN x BITI'S HUNTER | OFFICIAL MUSIC VIDEO,/home/do/Musique/MV Nhạc mới/ĐI ĐỂ TRỞ VỀ ｜ SOOBIN HOÀNG SƠN x BITI'S HUNTER ｜ OFFICIAL MUSIC VIDEO.mp4,216
1707993913,,,/home/do/Musique/MV Nhạc mới/ƯỚC MƠ CỦA MẸ - VĂN MAI HƯƠNG (Lyrics Video) OST THƯƠNG NGÀY NẮNG VỀ.mp4,136
1707998954,,,/home/do/Vidéos/IMG_0906.MOV,42
